{"level":"info","message":"⌛ Building environment","timeElapsed":156,"timestamp":"2024-05-22T21:32:10.067Z"}
{"level":"info","message":"onRequest - WORKSPACE_URI:file:///home/dodain/workspace/wollok-dev/wollok-workspace/migracion-proyectos/pacmanBasicGame","timestamp":"2024-05-22T21:32:10.073Z"}
{"error":["wollok.lang.EvaluationError wrapping TypeScript Error: Could not resolve reference to pacman or its a reference to void","  at pgmProgram.pacman [pgmProgram.wpgm:4]"],"level":"info","message":"👾 Game executed pgmProgram.pacman on /home/dodain/workspace/wollok-dev/wollok-workspace/migracion-proyectos/pacmanBasicGame","ok":false,"timeElapsed":273,"timestamp":"2024-05-22T21:32:33.831Z"}
{"level":"info","message":"onRequest - STRONG_FILES_CHANGED:/home/dodain/workspace/wollok-dev/wollok-workspace/migracion-proyectos/pacmanBasicGame/xx.wtest","timestamp":"2024-05-22T21:32:57.671Z"}
{"level":"info","message":"onRequest - WORKSPACE_URI:file:///home/dodain/workspace/wollok-dev/wollok-workspace/migracion-proyectos/pacmanBasicGame","timestamp":"2024-05-22T21:32:57.840Z"}
{"level":"info","message":"Removing diagnostics from /home/dodain/workspace/wollok-dev/wollok-workspace/migracion-proyectos/pacmanBasicGame/xx.wtest","timestamp":"2024-05-22T21:32:57.929Z"}
{"exitCode":"SIGHUP","level":"info","message":"👾 Game executed pgmProgram.pacman on /home/dodain/workspace/wollok-dev/wollok-workspace/migracion-proyectos/pacmanBasicGame","timeElapsed":38040,"timestamp":"2024-05-22T21:33:11.597Z"}
{"exitCode":"Folder image /home/dodain/workspace/wollok-dev/wollok-workspace/migracion-proyectos/pacmanBasicGame/assets does not exist","level":"info","message":"👾 Game executed pgmProgram.pacmanGame on /home/dodain/workspace/wollok-dev/wollok-workspace/migracion-proyectos/pacmanBasicGame","timeElapsed":862,"timestamp":"2024-05-22T21:33:12.719Z"}
{"exitCode":"Folder image /home/dodain/workspace/wollok-dev/wollok-workspace/migracion-proyectos/pacmanBasicGame/assets does not exist","level":"info","message":"👾 Game executed pgmProgram.pacmanGame on /home/dodain/workspace/wollok-dev/wollok-workspace/migracion-proyectos/pacmanBasicGame","timeElapsed":263,"timestamp":"2024-05-22T21:33:29.588Z"}
{"level":"info","message":"⌛ Building environment","timeElapsed":135,"timestamp":"2024-05-23T00:58:50.159Z"}
{"level":"info","message":"onRequest - WORKSPACE_URI:file:///home/dodain/workspace/wollok-dev/wollok-workspace/migracion-proyectos/pacmanBasicGame","timestamp":"2024-05-23T00:58:50.161Z"}
{"exitCode":"Folder image /home/dodain/workspace/wollok-dev/wollok-workspace/migracion-proyectos/pacmanBasicGame/assets does not exist","level":"info","message":"👾 Game executed pgmProgram.pacmanGame on /home/dodain/workspace/wollok-dev/wollok-workspace/migracion-proyectos/pacmanBasicGame","timeElapsed":18166,"timestamp":"2024-05-23T00:59:19.234Z"}
{"level":"info","message":"onRequest - STRONG_FILES_CHANGED:/home/dodain/workspace/wollok-dev/wollok-workspace/migracion-proyectos/pacmanBasicGame/videos/sourceFolder.gif","timestamp":"2024-05-23T01:03:34.326Z"}
{"level":"info","message":"onRequest - WORKSPACE_URI:file:///home/dodain/workspace/wollok-dev/wollok-workspace/migracion-proyectos/pacmanBasicGame","timestamp":"2024-05-23T01:03:34.540Z"}
{"level":"info","message":"Removing diagnostics from /home/dodain/workspace/wollok-dev/wollok-workspace/migracion-proyectos/pacmanBasicGame/videos/sourceFolder.gif","timestamp":"2024-05-23T01:03:34.630Z"}
{"level":"info","message":"onRequest - STRONG_FILES_CHANGED:/home/dodain/workspace/wollok-dev/wollok-workspace/migracion-proyectos/pacmanBasicGame/videos/firstGame.gif","timestamp":"2024-05-23T01:05:33.586Z"}
{"level":"info","message":"onRequest - WORKSPACE_URI:file:///home/dodain/workspace/wollok-dev/wollok-workspace/migracion-proyectos/pacmanBasicGame","timestamp":"2024-05-23T01:05:33.818Z"}
{"level":"info","message":"Removing diagnostics from /home/dodain/workspace/wollok-dev/wollok-workspace/migracion-proyectos/pacmanBasicGame/videos/firstGame.gif","timestamp":"2024-05-23T01:05:33.892Z"}
{"level":"info","message":"⌛ Building environment","timeElapsed":281,"timestamp":"2025-09-07T00:15:51.596Z"}
{"level":"info","message":"⌛ Building environment","timeElapsed":278,"timestamp":"2025-09-07T00:15:51.884Z"}
{"level":"info","message":"⌛ Validating pgmProgram.wpgm","timeElapsed":209,"timestamp":"2025-09-07T00:15:52.205Z"}
{"level":"info","message":"⌛ Building environment","timeElapsed":126,"timestamp":"2025-09-07T00:15:52.336Z"}
{"level":"info","message":"⌛ Validating example.wlk","timeElapsed":169,"timestamp":"2025-09-07T00:15:52.522Z"}
{"level":"info","message":"⌛ Validating pgmProgram.wpgm","timeElapsed":208,"timestamp":"2025-09-07T00:15:52.769Z"}
{"level":"info","message":"⌛ Building environment","timeElapsed":179,"timestamp":"2025-09-07T00:16:58.784Z"}
{"level":"info","message":"⌛ Building environment","timeElapsed":243,"timestamp":"2025-09-07T00:16:59.036Z"}
{"level":"info","message":"⌛ Building environment","timeElapsed":164,"timestamp":"2025-09-07T00:16:59.204Z"}
{"level":"info","message":"⌛ Validating AcaFijandomeSiSubenLosCambios.wlk","timeElapsed":258,"timestamp":"2025-09-07T00:16:59.486Z"}
{"level":"info","message":"Removing diagnostics from /c:/Users/nicol/Desktop/ConsignasObjetos1/pacmanbasicgame-nicolasoscarquiroga/example.wlk","timestamp":"2025-09-07T00:16:59.487Z"}
{"level":"info","message":"⌛ Building environment","timeElapsed":114,"timestamp":"2025-09-07T00:16:59.657Z"}
{"level":"info","message":"⌛ Validating pgmProgram.wpgm","timeElapsed":202,"timestamp":"2025-09-07T00:16:59.861Z"}
